# JRE version: OpenJDK Runtime Environment (8.0_41-b04) (build 1.8.0_41-b04)
# Java VM: OpenJDK Client VM (25.40-b25 mixed mode windows-x86 )
Heap:
 def new generation   total 27008K, used 12879K [0x04c00000, 0x06940000, 0x0a150000)
  eden space 24064K,  53% used [0x04c00000, 0x058817e0, 0x06380000)
  from space 2944K,   2% used [0x06660000, 0x06672758, 0x06940000)
  to   space 2944K,   0% used [0x06380000, 0x06380000, 0x06660000)
 tenured generation   total 59884K, used 47845K [0x0a150000, 0x0dbcb000, 0x14c00000)
   the space 59884K,  79% used [0x0a150000, 0x0d0095d0, 0x0d009600, 0x0dbcb000)
 Metaspace       used 45699K, capacity 48349K, committed 48384K, reserved 48512K
GC Heap History (10 events):
Event: 6272.713 GC heap before
{Heap before GC invocations=420 (full 7):
 def new generation   total 27008K, used 25750K [0x04c00000, 0x06940000, 0x0a150000)
  eden space 24064K, 100% used [0x04c00000, 0x06380000, 0x06380000)
  from space 2944K,  57% used [0x06380000, 0x065258e8, 0x06660000)
  to   space 2944K,   0% used [0x06660000, 0x06660000, 0x06940000)
 tenured generation   total 59884K, used 46852K [0x0a150000, 0x0dbcb000, 0x14c00000)
   the space 59884K,  78% used [0x0a150000, 0x0cf11018, 0x0cf11200, 0x0dbcb000)
 Metaspace       used 45686K, capacity 48310K, committed 48384K, reserved 48512K
Event: 6272.721 GC heap after
Heap after GC invocations=421 (full 7):
 def new generation   total 27008K, used 51K [0x04c00000, 0x06940000, 0x0a150000)
  eden space 24064K,   0% used [0x04c00000, 0x04c00000, 0x06380000)
  from space 2944K,   1% used [0x06660000, 0x0666cd08, 0x06940000)
  to   space 2944K,   0% used [0x06380000, 0x06380000, 0x06660000)
 tenured generation   total 59884K, used 47845K [0x0a150000, 0x0dbcb000, 0x14c00000)
   the space 59884K,  79% used [0x0a150000, 0x0d0095d0, 0x0d009600, 0x0dbcb000)
 Metaspace       used 45686K, capacity 48310K, committed 48384K, reserved 48512K
}
Event: 6312.274 GC heap before
{Heap before GC invocations=421 (full 7):
 def new generation   total 27008K, used 24115K [0x04c00000, 0x06940000, 0x0a150000)
  eden space 24064K, 100% used [0x04c00000, 0x06380000, 0x06380000)
  from space 2944K,   1% used [0x06660000, 0x0666cd08, 0x06940000)
  to   space 2944K,   0% used [0x06380000, 0x06380000, 0x06660000)
 tenured generation   total 59884K, used 47845K [0x0a150000, 0x0dbcb000, 0x14c00000)
   the space 59884K,  79% used [0x0a150000, 0x0d0095d0, 0x0d009600, 0x0dbcb000)
 Metaspace       used 45686K, capacity 48310K, committed 48384K, reserved 48512K
Event: 6312.277 GC heap after
Heap after GC invocations=422 (full 7):
 def new generation   total 27008K, used 108K [0x04c00000, 0x06940000, 0x0a150000)
  eden space 24064K,   0% used [0x04c00000, 0x04c00000, 0x06380000)
  from space 2944K,   3% used [0x06380000, 0x0639b180, 0x06660000)
  to   space 2944K,   0% used [0x06660000, 0x06660000, 0x06940000)
 tenured generation   total 59884K, used 47845K [0x0a150000, 0x0dbcb000, 0x14c00000)
   the space 59884K,  79% used [0x0a150000, 0x0d0095d0, 0x0d009600, 0x0dbcb000)
 Metaspace       used 45686K, capacity 48310K, committed 48384K, reserved 48512K
}
Event: 6352.391 GC heap before
{Heap before GC invocations=422 (full 7):
 def new generation   total 27008K, used 24172K [0x04c00000, 0x06940000, 0x0a150000)
  eden space 24064K, 100% used [0x04c00000, 0x06380000, 0x06380000)
  from space 2944K,   3% used [0x06380000, 0x0639b180, 0x06660000)
  to   space 2944K,   0% used [0x06660000, 0x06660000, 0x06940000)
 tenured generation   total 59884K, used 47845K [0x0a150000, 0x0dbcb000, 0x14c00000)
   the space 59884K,  79% used [0x0a150000, 0x0d0095d0, 0x0d009600, 0x0dbcb000)
 Metaspace       used 45686K, capacity 48310K, committed 48384K, reserved 48512K
Event: 6352.399 GC heap after
Heap after GC invocations=423 (full 7):
 def new generation   total 27008K, used 95K [0x04c00000, 0x06940000, 0x0a150000)
  eden space 24064K,   0% used [0x04c00000, 0x04c00000, 0x06380000)
  from space 2944K,   3% used [0x06660000, 0x06677fb8, 0x06940000)
  to   space 2944K,   0% used [0x06380000, 0x06380000, 0x06660000)
 tenured generation   total 59884K, used 47845K [0x0a150000, 0x0dbcb000, 0x14c00000)
   the space 59884K,  79% used [0x0a150000, 0x0d0095d0, 0x0d009600, 0x0dbcb000)
 Metaspace       used 45686K, capacity 48310K, committed 48384K, reserved 48512K
}
Event: 6391.682 GC heap before
{Heap before GC invocations=423 (full 7):
 def new generation   total 27008K, used 24159K [0x04c00000, 0x06940000, 0x0a150000)
  eden space 24064K, 100% used [0x04c00000, 0x06380000, 0x06380000)
  from space 2944K,   3% used [0x06660000, 0x06677fb8, 0x06940000)
  to   space 2944K,   0% used [0x06380000, 0x06380000, 0x06660000)
 tenured generation   total 59884K, used 47845K [0x0a150000, 0x0dbcb000, 0x14c00000)
   the space 59884K,  79% used [0x0a150000, 0x0d0095d0, 0x0d009600, 0x0dbcb000)
 Metaspace       used 45692K, capacity 48317K, committed 48384K, reserved 48512K
Event: 6391.687 GC heap after
Heap after GC invocations=424 (full 7):
 def new generation   total 27008K, used 122K [0x04c00000, 0x06940000, 0x0a150000)
  eden space 24064K,   0% used [0x04c00000, 0x04c00000, 0x06380000)
  from space 2944K,   4% used [0x06380000, 0x0639e9e0, 0x06660000)
  to   space 2944K,   0% used [0x06660000, 0x06660000, 0x06940000)
 tenured generation   total 59884K, used 47845K [0x0a150000, 0x0dbcb000, 0x14c00000)
   the space 59884K,  79% used [0x0a150000, 0x0d0095d0, 0x0d009600, 0x0dbcb000)
 Metaspace       used 45692K, capacity 48317K, committed 48384K, reserved 48512K
}
Event: 6431.885 GC heap before
{Heap before GC invocations=424 (full 7):
 def new generation   total 27008K, used 24186K [0x04c00000, 0x06940000, 0x0a150000)
  eden space 24064K, 100% used [0x04c00000, 0x06380000, 0x06380000)
  from space 2944K,   4% used [0x06380000, 0x0639e9e0, 0x06660000)
  to   space 2944K,   0% used [0x06660000, 0x06660000, 0x06940000)
 tenured generation   total 59884K, used 47845K [0x0a150000, 0x0dbcb000, 0x14c00000)
   the space 59884K,  79% used [0x0a150000, 0x0d0095d0, 0x0d009600, 0x0dbcb000)
 Metaspace       used 45692K, capacity 48317K, committed 48384K, reserved 48512K
Event: 6431.890 GC heap after
Heap after GC invocations=425 (full 7):
 def new generation   total 27008K, used 73K [0x04c00000, 0x06940000, 0x0a150000)
  eden space 24064K,   0% used [0x04c00000, 0x04c00000, 0x06380000)
  from space 2944K,   2% used [0x06660000, 0x06672758, 0x06940000)
  to   space 2944K,   0% used [0x06380000, 0x06380000, 0x06660000)
 tenured generation   total 59884K, used 47845K [0x0a150000, 0x0dbcb000, 0x14c00000)
   the space 59884K,  79% used [0x0a150000, 0x0d0095d0, 0x0d009600, 0x0dbcb000)
 Metaspace       used 45692K, capacity 48317K, committed 48384K, reserved 48512K
}

