# JRE version: OpenJDK Runtime Environment (8.0_41-b04) (build 1.8.0_41-b04)
# Java VM: OpenJDK Client VM (25.40-b25 mixed mode windows-x86 )
Heap:
 def new generation   total 13696K, used 6637K [0x05000000, 0x05ed0000, 0x0a550000)
  eden space 12224K,  46% used [0x05000000, 0x0558e228, 0x05bf0000)
  from space 1472K,  64% used [0x05d60000, 0x05e4d2b0, 0x05ed0000)
  to   space 1472K,   0% used [0x05bf0000, 0x05bf0000, 0x05d60000)
 tenured generation   total 30212K, used 28269K [0x0a550000, 0x0c2d1000, 0x15000000)
   the space 30212K,  93% used [0x0a550000, 0x0c0eb6d0, 0x0c0eb800, 0x0c2d1000)
 Metaspace       used 34773K, capacity 36091K, committed 36224K, reserved 36224K
GC Heap History (10 events):
Event: 13.064 GC heap before
{Heap before GC invocations=161 (full 3):
 def new generation   total 13696K, used 12990K [0x05000000, 0x05ed0000, 0x0a550000)
  eden space 12224K,  99% used [0x05000000, 0x05be20d8, 0x05bf0000)
  from space 1472K,  55% used [0x05bf0000, 0x05cbd798, 0x05d60000)
  to   space 1472K,   0% used [0x05d60000, 0x05d60000, 0x05ed0000)
 tenured generation   total 30212K, used 27497K [0x0a550000, 0x0c2d1000, 0x15000000)
   the space 30212K,  91% used [0x0a550000, 0x0c02a550, 0x0c02a600, 0x0c2d1000)
 Metaspace       used 32921K, capacity 34206K, committed 34304K, reserved 35200K
Event: 13.068 GC heap after
Heap after GC invocations=162 (full 3):
 def new generation   total 13696K, used 991K [0x05000000, 0x05ed0000, 0x0a550000)
  eden space 12224K,   0% used [0x05000000, 0x05000000, 0x05bf0000)
  from space 1472K,  67% used [0x05d60000, 0x05e57c10, 0x05ed0000)
  to   space 1472K,   0% used [0x05bf0000, 0x05bf0000, 0x05d60000)
 tenured generation   total 30212K, used 27681K [0x0a550000, 0x0c2d1000, 0x15000000)
   the space 30212K,  91% used [0x0a550000, 0x0c0585d0, 0x0c058600, 0x0c2d1000)
 Metaspace       used 32921K, capacity 34206K, committed 34304K, reserved 35200K
}
Event: 13.134 GC heap before
{Heap before GC invocations=162 (full 3):
 def new generation   total 13696K, used 13215K [0x05000000, 0x05ed0000, 0x0a550000)
  eden space 12224K, 100% used [0x05000000, 0x05bf0000, 0x05bf0000)
  from space 1472K,  67% used [0x05d60000, 0x05e57c10, 0x05ed0000)
  to   space 1472K,   0% used [0x05bf0000, 0x05bf0000, 0x05d60000)
 tenured generation   total 30212K, used 27681K [0x0a550000, 0x0c2d1000, 0x15000000)
   the space 30212K,  91% used [0x0a550000, 0x0c0585d0, 0x0c058600, 0x0c2d1000)
 Metaspace       used 33452K, capacity 34750K, committed 34816K, reserved 35200K
Event: 13.138 GC heap after
Heap after GC invocations=163 (full 3):
 def new generation   total 13696K, used 639K [0x05000000, 0x05ed0000, 0x0a550000)
  eden space 12224K,   0% used [0x05000000, 0x05000000, 0x05bf0000)
  from space 1472K,  43% used [0x05bf0000, 0x05c8ff98, 0x05d60000)
  to   space 1472K,   0% used [0x05d60000, 0x05d60000, 0x05ed0000)
 tenured generation   total 30212K, used 27871K [0x0a550000, 0x0c2d1000, 0x15000000)
   the space 30212K,  92% used [0x0a550000, 0x0c087f58, 0x0c088000, 0x0c2d1000)
 Metaspace       used 33452K, capacity 34750K, committed 34816K, reserved 35200K
}
Event: 13.220 GC heap before
{Heap before GC invocations=163 (full 3):
 def new generation   total 13696K, used 12863K [0x05000000, 0x05ed0000, 0x0a550000)
  eden space 12224K, 100% used [0x05000000, 0x05bf0000, 0x05bf0000)
  from space 1472K,  43% used [0x05bf0000, 0x05c8ff98, 0x05d60000)
  to   space 1472K,   0% used [0x05d60000, 0x05d60000, 0x05ed0000)
 tenured generation   total 30212K, used 27871K [0x0a550000, 0x0c2d1000, 0x15000000)
   the space 30212K,  92% used [0x0a550000, 0x0c087f58, 0x0c088000, 0x0c2d1000)
 Metaspace       used 33904K, capacity 35224K, committed 35328K, reserved 36224K
Event: 13.225 GC heap after
Heap after GC invocations=164 (full 3):
 def new generation   total 13696K, used 1117K [0x05000000, 0x05ed0000, 0x0a550000)
  eden space 12224K,   0% used [0x05000000, 0x05000000, 0x05bf0000)
  from space 1472K,  75% used [0x05d60000, 0x05e77728, 0x05ed0000)
  to   space 1472K,   0% used [0x05bf0000, 0x05bf0000, 0x05d60000)
 tenured generation   total 30212K, used 27871K [0x0a550000, 0x0c2d1000, 0x15000000)
   the space 30212K,  92% used [0x0a550000, 0x0c087f58, 0x0c088000, 0x0c2d1000)
 Metaspace       used 33904K, capacity 35224K, committed 35328K, reserved 36224K
}
Event: 13.386 GC heap before
{Heap before GC invocations=164 (full 3):
 def new generation   total 13696K, used 13341K [0x05000000, 0x05ed0000, 0x0a550000)
  eden space 12224K, 100% used [0x05000000, 0x05bf0000, 0x05bf0000)
  from space 1472K,  75% used [0x05d60000, 0x05e77728, 0x05ed0000)
  to   space 1472K,   0% used [0x05bf0000, 0x05bf0000, 0x05d60000)
 tenured generation   total 30212K, used 27871K [0x0a550000, 0x0c2d1000, 0x15000000)
   the space 30212K,  92% used [0x0a550000, 0x0c087f58, 0x0c088000, 0x0c2d1000)
 Metaspace       used 34258K, capacity 35586K, committed 35712K, reserved 36224K
Event: 13.394 GC heap after
Heap after GC invocations=165 (full 3):
 def new generation   total 13696K, used 628K [0x05000000, 0x05ed0000, 0x0a550000)
  eden space 12224K,   0% used [0x05000000, 0x05000000, 0x05bf0000)
  from space 1472K,  42% used [0x05bf0000, 0x05c8d2d0, 0x05d60000)
  to   space 1472K,   0% used [0x05d60000, 0x05d60000, 0x05ed0000)
 tenured generation   total 30212K, used 28269K [0x0a550000, 0x0c2d1000, 0x15000000)
   the space 30212K,  93% used [0x0a550000, 0x0c0eb6d0, 0x0c0eb800, 0x0c2d1000)
 Metaspace       used 34258K, capacity 35586K, committed 35712K, reserved 36224K
}
Event: 13.598 GC heap before
{Heap before GC invocations=165 (full 3):
 def new generation   total 13696K, used 12852K [0x05000000, 0x05ed0000, 0x0a550000)
  eden space 12224K, 100% used [0x05000000, 0x05bf0000, 0x05bf0000)
  from space 1472K,  42% used [0x05bf0000, 0x05c8d2d0, 0x05d60000)
  to   space 1472K,   0% used [0x05d60000, 0x05d60000, 0x05ed0000)
 tenured generation   total 30212K, used 28269K [0x0a550000, 0x0c2d1000, 0x15000000)
   the space 30212K,  93% used [0x0a550000, 0x0c0eb6d0, 0x0c0eb800, 0x0c2d1000)
 Metaspace       used 34744K, capacity 36084K, committed 36224K, reserved 36224K
Event: 13.605 GC heap after
Heap after GC invocations=166 (full 3):
 def new generation   total 13696K, used 948K [0x05000000, 0x05ed0000, 0x0a550000)
  eden space 12224K,   0% used [0x05000000, 0x05000000, 0x05bf0000)
  from space 1472K,  64% used [0x05d60000, 0x05e4d2b0, 0x05ed0000)
  to   space 1472K,   0% used [0x05bf0000, 0x05bf0000, 0x05d60000)
 tenured generation   total 30212K, used 28269K [0x0a550000, 0x0c2d1000, 0x15000000)
   the space 30212K,  93% used [0x0a550000, 0x0c0eb6d0, 0x0c0eb800, 0x0c2d1000)
 Metaspace       used 34744K, capacity 36084K, committed 36224K, reserved 36224K
}

